<?xml version="1.0" encoding="UTF-8"?>
<!-- Generated by org.testng.reporters.JUnitReportReporter -->
<testsuite skipped="32" hostname="DESKTOP-C6M0AOU" name="com.apollo.qa.testcases.SkillDevelopmentLevyFundPageTest" tests="33" failures="1" timestamp="2021-05-31T16:58:52 IST" time="67.267" errors="0">
  <testcase name="verifyEditUniqueValidationsTest" time="67.267" classname="com.apollo.qa.testcases.SkillDevelopmentLevyFundPageTest">
    <failure type="java.lang.AssertionError" message="Error occured! expected [true] but found [false]">
      <![CDATA[java.lang.AssertionError: Error occured! expected [true] but found [false]
at org.testng.Assert.fail(Assert.java:99)
at org.testng.Assert.failNotEquals(Assert.java:1037)
at org.testng.Assert.assertTrue(Assert.java:45)
at com.apollo.qa.testcases.SkillDevelopmentLevyFundPageTest.verifyUniqueValidations(SkillDevelopmentLevyFundPageTest.java:307)
at com.apollo.qa.testcases.SkillDevelopmentLevyFundPageTest.verifyEditUniqueValidationsTest(SkillDevelopmentLevyFundPageTest.java:361)
at sun.reflect.NativeMethodAccessorImpl.invoke0(Native Method)
at sun.reflect.NativeMethodAccessorImpl.invoke(NativeMethodAccessorImpl.java:62)
at sun.reflect.DelegatingMethodAccessorImpl.invoke(DelegatingMethodAccessorImpl.java:43)
at java.lang.reflect.Method.invoke(Method.java:498)
at org.testng.internal.MethodInvocationHelper.invokeMethod(MethodInvocationHelper.java:133)
at org.testng.internal.TestInvoker.invokeMethod(TestInvoker.java:598)
at org.testng.internal.TestInvoker.invokeTestMethod(TestInvoker.java:173)
at org.testng.internal.MethodRunner.runInSequence(MethodRunner.java:46)
at org.testng.internal.TestInvoker$MethodInvocationAgent.invoke(TestInvoker.java:824)
at org.testng.internal.TestInvoker.invokeTestMethods(TestInvoker.java:146)
at org.testng.internal.TestMethodWorker.invokeTestMethods(TestMethodWorker.java:146)
at org.testng.internal.TestMethodWorker.run(TestMethodWorker.java:128)
at java.util.ArrayList.forEach(ArrayList.java:1257)
at org.testng.TestRunner.privateRun(TestRunner.java:794)
at org.testng.TestRunner.run(TestRunner.java:596)
at org.testng.SuiteRunner.runTest(SuiteRunner.java:377)
at org.testng.SuiteRunner.runSequentially(SuiteRunner.java:371)
at org.testng.SuiteRunner.privateRun(SuiteRunner.java:332)
at org.testng.SuiteRunner.run(SuiteRunner.java:276)
at org.testng.SuiteRunnerWorker.runSuite(SuiteRunnerWorker.java:53)
at org.testng.SuiteRunnerWorker.run(SuiteRunnerWorker.java:96)
at org.testng.TestNG.runSuitesSequentially(TestNG.java:1212)
at org.testng.TestNG.runSuitesLocally(TestNG.java:1134)
at org.testng.TestNG.runSuites(TestNG.java:1063)
at org.testng.TestNG.run(TestNG.java:1031)
at org.testng.remote.AbstractRemoteTestNG.run(AbstractRemoteTestNG.java:115)
at org.testng.remote.RemoteTestNG.initAndRun(RemoteTestNG.java:251)
at org.testng.remote.RemoteTestNG.main(RemoteTestNG.java:77)
]]>
    </failure>
  </testcase> <!-- verifyEditUniqueValidationsTest -->
  <system-out/>
  <testcase name="verifyAddClickLabelPresenceTest" classname="com.apollo.qa.testcases.SkillDevelopmentLevyFundPageTest">
    <skipped/>
  </testcase> <!-- verifyAddClickLabelPresenceTest -->
  <system-out/>
  <testcase name="verifyAddSDLFOptionLabelTest" classname="com.apollo.qa.testcases.SkillDevelopmentLevyFundPageTest">
    <skipped/>
  </testcase> <!-- verifyAddSDLFOptionLabelTest -->
  <system-out/>
  <testcase name="verifyConfigurationLabelTest" classname="com.apollo.qa.testcases.SkillDevelopmentLevyFundPageTest">
    <skipped/>
  </testcase> <!-- verifyConfigurationLabelTest -->
  <system-out/>
  <testcase name="verifyGridContainerTest" classname="com.apollo.qa.testcases.SkillDevelopmentLevyFundPageTest">
    <skipped/>
  </testcase> <!-- verifyGridContainerTest -->
  <system-out/>
  <testcase name="verifyRemoveIconClickTest" classname="com.apollo.qa.testcases.SkillDevelopmentLevyFundPageTest">
    <skipped/>
  </testcase> <!-- verifyRemoveIconClickTest -->
  <system-out/>
  <testcase name="verifyhomeLabelTest" classname="com.apollo.qa.testcases.SkillDevelopmentLevyFundPageTest">
    <skipped/>
  </testcase> <!-- verifyhomeLabelTest -->
  <system-out/>
  <testcase name="verifyRemoveIconLabelTest" classname="com.apollo.qa.testcases.SkillDevelopmentLevyFundPageTest">
    <skipped/>
  </testcase> <!-- verifyRemoveIconLabelTest -->
  <system-out/>
  <testcase name="verifyDescriptionFieldLabelTest" classname="com.apollo.qa.testcases.SkillDevelopmentLevyFundPageTest">
    <skipped/>
  </testcase> <!-- verifyDescriptionFieldLabelTest -->
  <system-out/>
  <testcase name="verifySkillDevelopmentLevyFundLabelTest" classname="com.apollo.qa.testcases.SkillDevelopmentLevyFundPageTest">
    <skipped/>
  </testcase> <!-- verifySkillDevelopmentLevyFundLabelTest -->
  <system-out/>
  <testcase name="verifyDescriptionLabelTest" classname="com.apollo.qa.testcases.SkillDevelopmentLevyFundPageTest">
    <skipped/>
  </testcase> <!-- verifyDescriptionLabelTest -->
  <system-out/>
  <testcase name="verifyMinimumContributionAmountFieldLabelTest" classname="com.apollo.qa.testcases.SkillDevelopmentLevyFundPageTest">
    <skipped/>
  </testcase> <!-- verifyMinimumContributionAmountFieldLabelTest -->
  <system-out/>
  <testcase name="verifyCloseButtonPresenceTest" classname="com.apollo.qa.testcases.SkillDevelopmentLevyFundPageTest">
    <skipped/>
  </testcase> <!-- verifyCloseButtonPresenceTest -->
  <system-out/>
  <testcase name="verifyPaginationLabelTest" classname="com.apollo.qa.testcases.SkillDevelopmentLevyFundPageTest">
    <skipped/>
  </testcase> <!-- verifyPaginationLabelTest -->
  <system-out/>
  <testcase name="verifyAddContributionPercentageLabelTest" classname="com.apollo.qa.testcases.SkillDevelopmentLevyFundPageTest">
    <skipped/>
  </testcase> <!-- verifyAddContributionPercentageLabelTest -->
  <system-out/>
  <testcase name="verifyAddClickTest" classname="com.apollo.qa.testcases.SkillDevelopmentLevyFundPageTest">
    <skipped/>
  </testcase> <!-- verifyAddClickTest -->
  <system-out/>
  <testcase name="verifyUniqueValidationsInAddSDLFSettings" classname="com.apollo.qa.testcases.SkillDevelopmentLevyFundPageTest">
    <skipped/>
  </testcase> <!-- verifyUniqueValidationsInAddSDLFSettings -->
  <system-out/>
  <testcase name="verifySDLFOptionLabelTest" classname="com.apollo.qa.testcases.SkillDevelopmentLevyFundPageTest">
    <skipped/>
  </testcase> <!-- verifySDLFOptionLabelTest -->
  <system-out/>
  <testcase name="verifyEditClickTest" classname="com.apollo.qa.testcases.SkillDevelopmentLevyFundPageTest">
    <skipped/>
  </testcase> <!-- verifyEditClickTest -->
  <system-out/>
  <testcase name="verifyAddSDLFHeaderLabelTest" classname="com.apollo.qa.testcases.SkillDevelopmentLevyFundPageTest">
    <skipped/>
  </testcase> <!-- verifyAddSDLFHeaderLabelTest -->
  <system-out/>
  <testcase name="verifySubmitButtonPresenceTest" classname="com.apollo.qa.testcases.SkillDevelopmentLevyFundPageTest">
    <skipped/>
  </testcase> <!-- verifySubmitButtonPresenceTest -->
  <system-out/>
  <testcase name="verifyActionsLabelTest" classname="com.apollo.qa.testcases.SkillDevelopmentLevyFundPageTest">
    <skipped/>
  </testcase> <!-- verifyActionsLabelTest -->
  <system-out/>
  <testcase name="verifyEffectiveDateLabelTest" classname="com.apollo.qa.testcases.SkillDevelopmentLevyFundPageTest">
    <skipped/>
  </testcase> <!-- verifyEffectiveDateLabelTest -->
  <system-out/>
  <testcase name="verifyMinimumContributionAmountLabelTest" classname="com.apollo.qa.testcases.SkillDevelopmentLevyFundPageTest">
    <skipped/>
  </testcase> <!-- verifyMinimumContributionAmountLabelTest -->
  <system-out/>
  <testcase name="verifyMaximumWageLabelTest" classname="com.apollo.qa.testcases.SkillDevelopmentLevyFundPageTest">
    <skipped/>
  </testcase> <!-- verifyMaximumWageLabelTest -->
  <system-out/>
  <testcase name="verifyAddSDLFFormulaTextBoxTest" classname="com.apollo.qa.testcases.SkillDevelopmentLevyFundPageTest">
    <skipped/>
  </testcase> <!-- verifyAddSDLFFormulaTextBoxTest -->
  <system-out/>
  <testcase name="verifyEffectiveDateFieldLabelTest" classname="com.apollo.qa.testcases.SkillDevelopmentLevyFundPageTest">
    <skipped/>
  </testcase> <!-- verifyEffectiveDateFieldLabelTest -->
  <system-out/>
  <testcase name="verifyCloseButtonClickTest" classname="com.apollo.qa.testcases.SkillDevelopmentLevyFundPageTest">
    <skipped/>
  </testcase> <!-- verifyCloseButtonClickTest -->
  <system-out/>
  <testcase name="verifyContributionPercentageLabelTest" classname="com.apollo.qa.testcases.SkillDevelopmentLevyFundPageTest">
    <skipped/>
  </testcase> <!-- verifyContributionPercentageLabelTest -->
  <system-out/>
  <testcase name="verifyAddSDLFFormulaLabelTest" classname="com.apollo.qa.testcases.SkillDevelopmentLevyFundPageTest">
    <skipped/>
  </testcase> <!-- verifyAddSDLFFormulaLabelTest -->
  <system-out/>
  <testcase name="verifyWageLabelTest" classname="com.apollo.qa.testcases.SkillDevelopmentLevyFundPageTest">
    <skipped/>
  </testcase> <!-- verifyWageLabelTest -->
  <system-out/>
  <testcase name="verifySearchSDLFFormulaClickTest" classname="com.apollo.qa.testcases.SkillDevelopmentLevyFundPageTest">
    <skipped/>
  </testcase> <!-- verifySearchSDLFFormulaClickTest -->
  <system-out/>
  <testcase name="verifySDLFFormulaLabelTest" classname="com.apollo.qa.testcases.SkillDevelopmentLevyFundPageTest">
    <skipped/>
  </testcase> <!-- verifySDLFFormulaLabelTest -->
  <system-out/>
</testsuite> <!-- com.apollo.qa.testcases.SkillDevelopmentLevyFundPageTest -->
